<?xml version="1.0" encoding="UTF-8"?>
<!-- Generated by org.testng.reporters.JUnitReportReporter -->
<testsuite skipped="0" hostname="dkorolkov" name="TestAllure" tests="1" failures="0" timestamp="23 авг 2022 07:49:59 GMT" time="0.073" errors="0">
  <testcase name="firstTest" time="0.073" classname="TestAllure"/>
</testsuite> <!-- TestAllure -->
